# JRE version: Java(TM) SE Runtime Environment (8.0_161-b12) (build 1.8.0_161-b12)
# Java VM: Java HotSpot(TM) 64-Bit Server VM (25.161-b12 mixed mode linux-amd64 compressed oops)
Heap:
 PSYoungGen      total 312320K, used 34369K [0x000000076bb00000, 0x0000000789a80000, 0x00000007c0000000)
  eden space 311808K, 11% used [0x000000076bb00000,0x000000076dc90688,0x000000077eb80000)
  from space 512K, 0% used [0x000000077eb80000,0x000000077eb80000,0x000000077ec00000)
  to   space 89600K, 0% used [0x0000000784300000,0x0000000784300000,0x0000000789a80000)
 ParOldGen       total 699392K, used 12139K [0x00000006c3000000, 0x00000006edb00000, 0x000000076bb00000)
  object space 699392K, 1% used [0x00000006c3000000,0x00000006c3bdad80,0x00000006edb00000)
 Metaspace       used 20024K, capacity 20262K, committed 20608K, reserved 1067008K
  class space    used 2320K, capacity 2391K, committed 2432K, reserved 1048576K
GC Heap History (10 events):
Event: 244,676 GC heap before
{Heap before GC invocations=21 (full 2):
 PSYoungGen      total 314880K, used 3026K [0x000000076bb00000, 0x0000000789c80000, 0x00000007c0000000)
  eden space 311808K, 0% used [0x000000076bb00000,0x000000076bb00000,0x000000077eb80000)
  from space 3072K, 98% used [0x000000077fa80000,0x000000077fd74bf8,0x000000077fd80000)
  to   space 90624K, 0% used [0x0000000784400000,0x0000000784400000,0x0000000789c80000)
 ParOldGen       total 699392K, used 230828K [0x00000006c3000000, 0x00000006edb00000, 0x000000076bb00000)
  object space 699392K, 33% used [0x00000006c3000000,0x00000006d116b128,0x00000006edb00000)
 Metaspace       used 19174K, capacity 19426K, committed 19840K, reserved 1067008K
  class space    used 2285K, capacity 2353K, committed 2432K, reserved 1048576K
Event: 244,730 GC heap after
Heap after GC invocations=21 (full 2):
 PSYoungGen      total 314880K, used 0K [0x000000076bb00000, 0x0000000789c80000, 0x00000007c0000000)
  eden space 311808K, 0% used [0x000000076bb00000,0x000000076bb00000,0x000000077eb80000)
  from space 3072K, 0% used [0x000000077fa80000,0x000000077fa80000,0x000000077fd80000)
  to   space 90624K, 0% used [0x0000000784400000,0x0000000784400000,0x0000000789c80000)
 ParOldGen       total 699392K, used 13249K [0x00000006c3000000, 0x00000006edb00000, 0x000000076bb00000)
  object space 699392K, 1% used [0x00000006c3000000,0x00000006c3cf0400,0x00000006edb00000)
 Metaspace       used 19174K, capacity 19426K, committed 19840K, reserved 1067008K
  class space    used 2285K, capacity 2353K, committed 2432K, reserved 1048576K
}
Event: 571,211 GC heap before
{Heap before GC invocations=22 (full 2):
 PSYoungGen      total 314880K, used 195768K [0x000000076bb00000, 0x0000000789c80000, 0x00000007c0000000)
  eden space 311808K, 62% used [0x000000076bb00000,0x0000000777a2e3f0,0x000000077eb80000)
  from space 3072K, 0% used [0x000000077fa80000,0x000000077fa80000,0x000000077fd80000)
  to   space 90624K, 0% used [0x0000000784400000,0x0000000784400000,0x0000000789c80000)
 ParOldGen       total 699392K, used 13249K [0x00000006c3000000, 0x00000006edb00000, 0x000000076bb00000)
  object space 699392K, 1% used [0x00000006c3000000,0x00000006c3cf0400,0x00000006edb00000)
 Metaspace       used 19726K, capacity 19904K, committed 20352K, reserved 1067008K
  class space    used 2304K, capacity 2358K, committed 2432K, reserved 1048576K
Event: 571,216 GC heap after
Heap after GC invocations=22 (full 2):
 PSYoungGen      total 402432K, used 640K [0x000000076bb00000, 0x0000000789c80000, 0x00000007c0000000)
  eden space 311808K, 0% used [0x000000076bb00000,0x000000076bb00000,0x000000077eb80000)
  from space 90624K, 0% used [0x0000000784400000,0x00000007844a0000,0x0000000789c80000)
  to   space 90624K, 0% used [0x000000077eb80000,0x000000077eb80000,0x0000000784400000)
 ParOldGen       total 699392K, used 13257K [0x00000006c3000000, 0x00000006edb00000, 0x000000076bb00000)
  object space 699392K, 1% used [0x00000006c3000000,0x00000006c3cf2400,0x00000006edb00000)
 Metaspace       used 19726K, capacity 19904K, committed 20352K, reserved 1067008K
  class space    used 2304K, capacity 2358K, committed 2432K, reserved 1048576K
}
Event: 571,216 GC heap before
{Heap before GC invocations=23 (full 3):
 PSYoungGen      total 402432K, used 640K [0x000000076bb00000, 0x0000000789c80000, 0x00000007c0000000)
  eden space 311808K, 0% used [0x000000076bb00000,0x000000076bb00000,0x000000077eb80000)
  from space 90624K, 0% used [0x0000000784400000,0x00000007844a0000,0x0000000789c80000)
  to   space 90624K, 0% used [0x000000077eb80000,0x000000077eb80000,0x0000000784400000)
 ParOldGen       total 699392K, used 13257K [0x00000006c3000000, 0x00000006edb00000, 0x000000076bb00000)
  object space 699392K, 1% used [0x00000006c3000000,0x00000006c3cf2400,0x00000006edb00000)
 Metaspace       used 19726K, capacity 19904K, committed 20352K, reserved 1067008K
  class space    used 2304K, capacity 2358K, committed 2432K, reserved 1048576K
Event: 571,275 GC heap after
Heap after GC invocations=23 (full 3):
 PSYoungGen      total 402432K, used 0K [0x000000076bb00000, 0x0000000789c80000, 0x00000007c0000000)
  eden space 311808K, 0% used [0x000000076bb00000,0x000000076bb00000,0x000000077eb80000)
  from space 90624K, 0% used [0x0000000784400000,0x0000000784400000,0x0000000789c80000)
  to   space 90624K, 0% used [0x000000077eb80000,0x000000077eb80000,0x0000000784400000)
 ParOldGen       total 699392K, used 12329K [0x00000006c3000000, 0x00000006edb00000, 0x000000076bb00000)
  object space 699392K, 1% used [0x00000006c3000000,0x00000006c3c0a640,0x00000006edb00000)
 Metaspace       used 19726K, capacity 19904K, committed 20352K, reserved 1067008K
  class space    used 2304K, capacity 2358K, committed 2432K, reserved 1048576K
}
Event: 571,283 GC heap before
{Heap before GC invocations=24 (full 3):
 PSYoungGen      total 402432K, used 9362K [0x000000076bb00000, 0x0000000789c80000, 0x00000007c0000000)
  eden space 311808K, 3% used [0x000000076bb00000,0x000000076c424aa8,0x000000077eb80000)
  from space 90624K, 0% used [0x0000000784400000,0x0000000784400000,0x0000000789c80000)
  to   space 90624K, 0% used [0x000000077eb80000,0x000000077eb80000,0x0000000784400000)
 ParOldGen       total 699392K, used 12329K [0x00000006c3000000, 0x00000006edb00000, 0x000000076bb00000)
  object space 699392K, 1% used [0x00000006c3000000,0x00000006c3c0a640,0x00000006edb00000)
 Metaspace       used 19730K, capacity 19904K, committed 20352K, reserved 1067008K
  class space    used 2305K, capacity 2358K, committed 2432K, reserved 1048576K
Event: 571,285 GC heap after
Heap after GC invocations=24 (full 3):
 PSYoungGen      total 312320K, used 192K [0x000000076bb00000, 0x0000000789a80000, 0x00000007c0000000)
  eden space 311808K, 0% used [0x000000076bb00000,0x000000076bb00000,0x000000077eb80000)
  from space 512K, 37% used [0x000000077eb80000,0x000000077ebb0000,0x000000077ec00000)
  to   space 89600K, 0% used [0x0000000784300000,0x0000000784300000,0x0000000789a80000)
 ParOldGen       total 699392K, used 12329K [0x00000006c3000000, 0x00000006edb00000, 0x000000076bb00000)
  object space 699392K, 1% used [0x00000006c3000000,0x00000006c3c0a640,0x00000006edb00000)
 Metaspace       used 19730K, capacity 19904K, committed 20352K, reserved 1067008K
  class space    used 2305K, capacity 2358K, committed 2432K, reserved 1048576K
}
Event: 571,285 GC heap before
{Heap before GC invocations=25 (full 4):
 PSYoungGen      total 312320K, used 192K [0x000000076bb00000, 0x0000000789a80000, 0x00000007c0000000)
  eden space 311808K, 0% used [0x000000076bb00000,0x000000076bb00000,0x000000077eb80000)
  from space 512K, 37% used [0x000000077eb80000,0x000000077ebb0000,0x000000077ec00000)
  to   space 89600K, 0% used [0x0000000784300000,0x0000000784300000,0x0000000789a80000)
 ParOldGen       total 699392K, used 12329K [0x00000006c3000000, 0x00000006edb00000, 0x000000076bb00000)
  object space 699392K, 1% used [0x00000006c3000000,0x00000006c3c0a640,0x00000006edb00000)
 Metaspace       used 19730K, capacity 19904K, committed 20352K, reserved 1067008K
  class space    used 2305K, capacity 2358K, committed 2432K, reserved 1048576K
Event: 571,326 GC heap after
Heap after GC invocations=25 (full 4):
 PSYoungGen      total 312320K, used 0K [0x000000076bb00000, 0x0000000789a80000, 0x00000007c0000000)
  eden space 311808K, 0% used [0x000000076bb00000,0x000000076bb00000,0x000000077eb80000)
  from space 512K, 0% used [0x000000077eb80000,0x000000077eb80000,0x000000077ec00000)
  to   space 89600K, 0% used [0x0000000784300000,0x0000000784300000,0x0000000789a80000)
 ParOldGen       total 699392K, used 12139K [0x00000006c3000000, 0x00000006edb00000, 0x000000076bb00000)
  object space 699392K, 1% used [0x00000006c3000000,0x00000006c3bdad80,0x00000006edb00000)
 Metaspace       used 19730K, capacity 19904K, committed 20352K, reserved 1067008K
  class space    used 2305K, capacity 2358K, committed 2432K, reserved 1048576K
}

